Determining if the pthread_create exist failed with the following output:
Change Dir: /home/catheter/catheter_position/build/CMakeFiles/CMakeTmp

Run Build Command:/usr/bin/make "cmTryCompileExec208280445/fast"
/usr/bin/make -f CMakeFiles/cmTryCompileExec208280445.dir/build.make CMakeFiles/cmTryCompileExec208280445.dir/build
make[1]: Entering directory `/home/catheter/catheter_position/build/CMakeFiles/CMakeTmp'
/usr/bin/cmake -E cmake_progress_report /home/catheter/catheter_position/build/CMakeFiles/CMakeTmp/CMakeFiles 1
Building C object CMakeFiles/cmTryCompileExec208280445.dir/CheckSymbolExists.c.o
/usr/bin/cc    -o CMakeFiles/cmTryCompileExec208280445.dir/CheckSymbolExists.c.o   -c /home/catheter/catheter_position/build/CMakeFiles/CMakeTmp/CheckSymbolExists.c
Linking C executable cmTryCompileExec208280445
/usr/bin/cmake -E cmake_link_script CMakeFiles/cmTryCompileExec208280445.dir/link.txt --verbose=1
/usr/bin/cc       CMakeFiles/cmTryCompileExec208280445.dir/CheckSymbolExists.c.o  -o cmTryCompileExec208280445 -rdynamic 
CMakeFiles/cmTryCompileExec208280445.dir/CheckSymbolExists.c.o: In function `main':
CheckSymbolExists.c:(.text+0x16): undefined reference to `pthread_create'
collect2: error: ld returned 1 exit status
make[1]: *** [cmTryCompileExec208280445] Error 1
make[1]: Leaving directory `/home/catheter/catheter_position/build/CMakeFiles/CMakeTmp'
make: *** [cmTryCompileExec208280445/fast] Error 2

File /home/catheter/catheter_position/build/CMakeFiles/CMakeTmp/CheckSymbolExists.c:
/* */
#include <pthread.h>

int main(int argc, char** argv)
{
  (void)argv;
#ifndef pthread_create
  return ((int*)(&pthread_create))[argc];
#else
  (void)argc;
  return 0;
#endif
}

Determining if the function pthread_create exists in the pthreads failed with the following output:
Change Dir: /home/catheter/catheter_position/build/CMakeFiles/CMakeTmp

Run Build Command:/usr/bin/make "cmTryCompileExec3543941691/fast"
/usr/bin/make -f CMakeFiles/cmTryCompileExec3543941691.dir/build.make CMakeFiles/cmTryCompileExec3543941691.dir/build
make[1]: Entering directory `/home/catheter/catheter_position/build/CMakeFiles/CMakeTmp'
/usr/bin/cmake -E cmake_progress_report /home/catheter/catheter_position/build/CMakeFiles/CMakeTmp/CMakeFiles 1
Building C object CMakeFiles/cmTryCompileExec3543941691.dir/CheckFunctionExists.c.o
/usr/bin/cc   -DCHECK_FUNCTION_EXISTS=pthread_create   -o CMakeFiles/cmTryCompileExec3543941691.dir/CheckFunctionExists.c.o   -c /usr/share/cmake-2.8/Modules/CheckFunctionExists.c
Linking C executable cmTryCompileExec3543941691
/usr/bin/cmake -E cmake_link_script CMakeFiles/cmTryCompileExec3543941691.dir/link.txt --verbose=1
/usr/bin/cc   -DCHECK_FUNCTION_EXISTS=pthread_create    CMakeFiles/cmTryCompileExec3543941691.dir/CheckFunctionExists.c.o  -o cmTryCompileExec3543941691 -rdynamic -lpthreads 
/usr/bin/ld: cannot find -lpthreads
collect2: error: ld returned 1 exit status
make[1]: *** [cmTryCompileExec3543941691] Error 1
make[1]: Leaving directory `/home/catheter/catheter_position/build/CMakeFiles/CMakeTmp'
make: *** [cmTryCompileExec3543941691/fast] Error 2


